2020-05-13 23:05:32 [scrapy.utils.log] INFO: Scrapy 1.6.0 started (bot: tool)
2020-05-13 23:05:32 [scrapy.utils.log] INFO: Versions: lxml 4.5.0.0, libxml2 2.9.10, cssselect 1.1.0, parsel 1.5.2, w3lib 1.20.0, Twisted 20.3.0, Python 3.6.5 |Anaconda, Inc.| (default, Mar 29 2018, 13:32:41) [MSC v.1900 64 bit (AMD64)], pyOpenSSL 19.1.0 (OpenSSL 1.1.1g  21 Apr 2020), cryptography 2.9.2, Platform Windows-10-10.0.10586-SP0
2020-05-13 23:05:32 [scrapy.crawler] INFO: Overridden settings: {'BOT_NAME': 'tool', 'LOG_FILE': 'logs\\default\\icrawler\\9167af64953311ea871028c2dd10a3f0.log', 'NEWSPIDER_MODULE': 'tool.spiders', 'SPIDER_MODULES': ['tool.spiders'], 'USER_AGENT': 'Mozilla/5.0 (compatible; Googlebot/2.1; +http://www.google.com/bot.html)'}
2020-05-13 23:05:32 [scrapy.extensions.telnet] INFO: Telnet Password: 7e8361e34cdc1073
2020-05-13 23:05:32 [scrapy.middleware] INFO: Enabled extensions:
['scrapy.extensions.corestats.CoreStats',
 'scrapy.extensions.telnet.TelnetConsole',
 'scrapy.extensions.logstats.LogStats']
2020-05-13 23:05:33 [scrapy.middleware] INFO: Enabled downloader middlewares:
['scrapy.downloadermiddlewares.httpauth.HttpAuthMiddleware',
 'scrapy.downloadermiddlewares.downloadtimeout.DownloadTimeoutMiddleware',
 'scrapy.downloadermiddlewares.defaultheaders.DefaultHeadersMiddleware',
 'scrapy.downloadermiddlewares.useragent.UserAgentMiddleware',
 'scrapy.downloadermiddlewares.retry.RetryMiddleware',
 'scrapy.downloadermiddlewares.redirect.MetaRefreshMiddleware',
 'scrapy.downloadermiddlewares.httpcompression.HttpCompressionMiddleware',
 'scrapy.downloadermiddlewares.redirect.RedirectMiddleware',
 'scrapy.downloadermiddlewares.cookies.CookiesMiddleware',
 'scrapy.downloadermiddlewares.httpproxy.HttpProxyMiddleware',
 'scrapy.downloadermiddlewares.stats.DownloaderStats']
2020-05-13 23:05:33 [scrapy.middleware] INFO: Enabled spider middlewares:
['scrapy.spidermiddlewares.httperror.HttpErrorMiddleware',
 'scrapy.spidermiddlewares.offsite.OffsiteMiddleware',
 'scrapy.spidermiddlewares.referer.RefererMiddleware',
 'scrapy.spidermiddlewares.urllength.UrlLengthMiddleware',
 'scrapy.spidermiddlewares.depth.DepthMiddleware']
2020-05-13 23:05:33 [scrapy.middleware] INFO: Enabled item pipelines:
['tool.pipelines.ToolPipeline']
2020-05-13 23:05:33 [scrapy.core.engine] INFO: Spider opened
2020-05-13 23:05:33 [scrapy.extensions.logstats] INFO: Crawled 0 pages (at 0 pages/min), scraped 0 items (at 0 items/min)
2020-05-13 23:05:33 [scrapy.extensions.telnet] INFO: Telnet console listening on 127.0.0.1:6023
2020-05-13 23:05:33 [scrapy.core.engine] DEBUG: Crawled (200) <GET https://tuoitre.vn/hoan-to-chuc-hoa-hau-viet-nam-vi-covid-19-20200311130114189.htm> (referer: None)
2020-05-13 23:05:33 [scrapy.core.engine] INFO: Closing spider (finished)
2020-05-13 23:05:34 [scrapy.statscollectors] INFO: Dumping Scrapy stats:
{'downloader/request_bytes': 310,
 'downloader/request_count': 1,
 'downloader/request_method_count/GET': 1,
 'downloader/response_bytes': 18742,
 'downloader/response_count': 1,
 'downloader/response_status_count/200': 1,
 'finish_reason': 'finished',
 'finish_time': datetime.datetime(2020, 5, 13, 16, 5, 34, 319026),
 'log_count/DEBUG': 1,
 'log_count/INFO': 9,
 'response_received_count': 1,
 'scheduler/dequeued': 1,
 'scheduler/dequeued/memory': 1,
 'scheduler/enqueued': 1,
 'scheduler/enqueued/memory': 1,
 'start_time': datetime.datetime(2020, 5, 13, 16, 5, 33, 104636)}
2020-05-13 23:05:34 [scrapy.core.engine] INFO: Spider closed (finished)
