2020-05-13 16:46:10 [scrapy.utils.log] INFO: Scrapy 1.6.0 started (bot: tool)
2020-05-13 16:46:10 [scrapy.utils.log] INFO: Versions: lxml 4.5.0.0, libxml2 2.9.10, cssselect 1.1.0, parsel 1.5.2, w3lib 1.20.0, Twisted 20.3.0, Python 3.6.5 |Anaconda, Inc.| (default, Mar 29 2018, 13:32:41) [MSC v.1900 64 bit (AMD64)], pyOpenSSL 19.1.0 (OpenSSL 1.1.1g  21 Apr 2020), cryptography 2.9.2, Platform Windows-10-10.0.17763-SP0
2020-05-13 16:46:10 [scrapy.crawler] INFO: Overridden settings: {'BOT_NAME': 'tool', 'LOG_FILE': 'logs\\default\\icrawler\\91839dfa94fe11ea8d78deb6f2b51c36.log', 'NEWSPIDER_MODULE': 'tool.spiders', 'SPIDER_MODULES': ['tool.spiders'], 'USER_AGENT': 'Mozilla/5.0 (compatible; Googlebot/2.1; +http://www.google.com/bot.html)'}
2020-05-13 16:46:10 [scrapy.extensions.telnet] INFO: Telnet Password: c0fe03da91f4b42a
2020-05-13 16:46:10 [scrapy.middleware] INFO: Enabled extensions:
['scrapy.extensions.corestats.CoreStats',
 'scrapy.extensions.telnet.TelnetConsole',
 'scrapy.extensions.logstats.LogStats']
2020-05-13 16:46:10 [scrapy.middleware] INFO: Enabled downloader middlewares:
['scrapy.downloadermiddlewares.httpauth.HttpAuthMiddleware',
 'scrapy.downloadermiddlewares.downloadtimeout.DownloadTimeoutMiddleware',
 'scrapy.downloadermiddlewares.defaultheaders.DefaultHeadersMiddleware',
 'scrapy.downloadermiddlewares.useragent.UserAgentMiddleware',
 'scrapy.downloadermiddlewares.retry.RetryMiddleware',
 'scrapy.downloadermiddlewares.redirect.MetaRefreshMiddleware',
 'scrapy.downloadermiddlewares.httpcompression.HttpCompressionMiddleware',
 'scrapy.downloadermiddlewares.redirect.RedirectMiddleware',
 'scrapy.downloadermiddlewares.cookies.CookiesMiddleware',
 'scrapy.downloadermiddlewares.httpproxy.HttpProxyMiddleware',
 'scrapy.downloadermiddlewares.stats.DownloaderStats']
2020-05-13 16:46:10 [scrapy.middleware] INFO: Enabled spider middlewares:
['scrapy.spidermiddlewares.httperror.HttpErrorMiddleware',
 'scrapy.spidermiddlewares.offsite.OffsiteMiddleware',
 'scrapy.spidermiddlewares.referer.RefererMiddleware',
 'scrapy.spidermiddlewares.urllength.UrlLengthMiddleware',
 'scrapy.spidermiddlewares.depth.DepthMiddleware']
2020-05-13 16:46:10 [scrapy.middleware] INFO: Enabled item pipelines:
['tool.pipelines.ToolPipeline']
2020-05-13 16:46:10 [scrapy.core.engine] INFO: Spider opened
2020-05-13 16:46:10 [scrapy.extensions.logstats] INFO: Crawled 0 pages (at 0 pages/min), scraped 0 items (at 0 items/min)
2020-05-13 16:46:10 [scrapy.extensions.telnet] INFO: Telnet console listening on 127.0.0.1:6023
2020-05-13 16:47:00 [scrapy.downloadermiddlewares.retry] DEBUG: Retrying <GET https://cafebiz.vn/ceo-dong-a-solutions-tran-bang-viet-wefit-with-fee-chung-toi-on-neu-co-tien-20200513104543872.chn> (failed 1 times): 504 Gateway Time-out
2020-05-13 16:47:01 [scrapy.core.engine] DEBUG: Crawled (200) <GET https://cafebiz.vn/ceo-dong-a-solutions-tran-bang-viet-wefit-with-fee-chung-toi-on-neu-co-tien-20200513104543872.chn> (referer: None)
2020-05-13 16:47:02 [scrapy.core.scraper] ERROR: Error processing {'content': ['\r\n'
             '                            CEO Dong A Solutions Trần Bằng Việt: '
             'WEFIT, with "fee" - Chúng tôi ổn, nếu có tiền\r\n'
             '                        ']}
Traceback (most recent call last):
  File "c:\users\taibn1\.conda\envs\tensorflow1\lib\site-packages\twisted\internet\defer.py", line 654, in _runCallbacks
    current.result = callback(current.result, *args, **kw)
  File "D:\BIG CHANCE1\AI Server\crawler_server\tool\tool\pipelines.py", line 26, in process_item
    print("--------process_item------------, item=", item)
  File "c:\users\taibn1\.conda\envs\tensorflow1\lib\encodings\cp1252.py", line 19, in encode
    return codecs.charmap_encode(input,self.errors,encoding_table)[0]
UnicodeEncodeError: 'charmap' codec can't encode character '\u1ea7' in position 86: character maps to <undefined>
2020-05-13 16:47:02 [scrapy.core.engine] INFO: Closing spider (finished)
2020-05-13 16:47:03 [scrapy.statscollectors] INFO: Dumping Scrapy stats:
{'downloader/request_bytes': 688,
 'downloader/request_count': 2,
 'downloader/request_method_count/GET': 2,
 'downloader/response_bytes': 170065,
 'downloader/response_count': 2,
 'downloader/response_status_count/200': 1,
 'downloader/response_status_count/504': 1,
 'finish_reason': 'finished',
 'finish_time': datetime.datetime(2020, 5, 13, 9, 47, 3, 367496),
 'log_count/DEBUG': 2,
 'log_count/ERROR': 1,
 'log_count/INFO': 9,
 'response_received_count': 1,
 'retry/count': 1,
 'retry/reason_count/504 Gateway Time-out': 1,
 'scheduler/dequeued': 2,
 'scheduler/dequeued/memory': 2,
 'scheduler/enqueued': 2,
 'scheduler/enqueued/memory': 2,
 'start_time': datetime.datetime(2020, 5, 13, 9, 46, 10, 144970)}
2020-05-13 16:47:03 [scrapy.core.engine] INFO: Spider closed (finished)
